[Sun Dec 28 17:25:19 2025] 100:LOGIN - 200
[Sun Dec 28 17:25:19 2025] 104:LOGOUT - 208
[Sun Dec 28 17:25:19 2025] 105:UPLOAD - 210
[Sun Dec 28 17:25:19 2025] 102:UPLOAD - 204
[Sun Dec 28 17:25:19 2025] 103:DOWNLOAD - 206
[Sun Dec 28 17:25:19 2025] 100:ERROR - 200
[Sun Dec 28 17:25:19 2025] 101:DOWNLOAD - 202
[Sun Dec 28 17:25:19 2025] 104:LOGOUT - 208
[Sun Dec 28 17:25:19 2025] 103:DOWNLOAD - 206
[Sun Dec 28 17:25:19 2025] 101:LOGIN - 202
[Sun Dec 28 17:25:19 2025] 103:DOWNLOAD - 206
[Sun Dec 28 17:25:19 2025] 101:LOGIN - 202
[Sun Dec 28 17:25:19 2025] 100:DOWNLOAD - 200
[Sun Dec 28 17:25:19 2025] 103:LOGOUT - 206
[Sun Dec 28 17:25:19 2025] 102:ERROR - 204
[Sun Dec 28 17:25:19 2025] 102:ERROR - 204
[Sun Dec 28 17:25:19 2025] 100:DOWNLOAD - 200
[Sun Dec 28 17:25:19 2025] 102:LOGOUT - 204
[Sun Dec 28 17:25:19 2025] 104:UPLOAD - 208
[Sun Dec 28 17:25:19 2025] 104:ERROR - 208
[Sun Dec 28 17:25:19 2025] 104:LOGOUT - 208
[Sun Dec 28 17:25:19 2025] 101:LOGOUT - 202
[Sun Dec 28 17:25:19 2025] 103:UPLOAD - 206
[Sun Dec 28 17:25:19 2025] 100:LOGOUT - 200
[Sun Dec 28 17:25:19 2025] 101:UPLOAD - 202
[Sun Dec 28 17:25:19 2025] 100:LOGOUT - 200
[Sun Dec 28 17:25:19 2025] 103:LOGIN - 206
[Sun Dec 28 17:25:19 2025] 105:DOWNLOAD - 210
[Sun Dec 28 17:25:19 2025] 100:UPLOAD - 200
[Sun Dec 28 17:25:19 2025] 104:UPLOAD - 208
[Sun Dec 28 17:25:19 2025] 101:DOWNLOAD - 202
[Sun Dec 28 17:25:19 2025] 103:LOGOUT - 206
[Sun Dec 28 17:25:19 2025] 100:UPLOAD - 200
[Sun Dec 28 17:25:19 2025] 101:ERROR - 202
[Sun Dec 28 17:25:19 2025] 104:DOWNLOAD - 208
[Sun Dec 28 17:25:19 2025] 105:LOGOUT - 210
[Sun Dec 28 17:25:19 2025] 101:UPLOAD - 202
[Sun Dec 28 17:25:19 2025] 105:UPLOAD - 210
[Sun Dec 28 17:25:19 2025] 101:ERROR - 202
[Sun Dec 28 17:25:19 2025] 101:UPLOAD - 202
[Sun Dec 28 17:25:19 2025] 103:DOWNLOAD - 206
[Sun Dec 28 17:25:19 2025] 104:UPLOAD - 208
[Sun Dec 28 17:25:19 2025] 102:LOGOUT - 204
[Sun Dec 28 17:25:19 2025] 102:UPLOAD - 204
[Sun Dec 28 17:25:19 2025] 102:ERROR - 204
[Sun Dec 28 17:25:19 2025] 101:DOWNLOAD - 202
[Sun Dec 28 17:25:19 2025] 101:DOWNLOAD - 202
[Sun Dec 28 17:25:19 2025] 102:LOGIN - 204
[Sun Dec 28 17:25:19 2025] 104:ERROR - 208
[Sun Dec 28 17:25:19 2025] 100:ERROR - 200
[Sun Dec 28 17:25:19 2025] 103:UPLOAD - 206
[Sun Dec 28 17:25:19 2025] 103:ERROR - 206
[Sun Dec 28 17:25:19 2025] 101:ERROR - 202
[Sun Dec 28 17:25:19 2025] 105:LOGIN - 210
[Sun Dec 28 17:25:19 2025] 100:UPLOAD - 200
[Sun Dec 28 17:25:19 2025] 101:UPLOAD - 202
[Sun Dec 28 17:25:19 2025] 103:LOGIN - 206
[Sun Dec 28 17:25:19 2025] 101:UPLOAD - 202
[Sun Dec 28 17:25:19 2025] 102:UPLOAD - 204
[Sun Dec 28 17:25:19 2025] 101:ERROR - 202
[Sun Dec 28 17:25:19 2025] 105:DOWNLOAD - 210
[Sun Dec 28 17:25:19 2025] 105:LOGIN - 210
[Sun Dec 28 17:25:19 2025] 104:ERROR - 208
[Sun Dec 28 17:25:19 2025] 105:DOWNLOAD - 210
[Sun Dec 28 17:25:19 2025] 102:DOWNLOAD - 204
[Sun Dec 28 17:25:19 2025] 100:ERROR - 200
[Sun Dec 28 17:25:19 2025] 104:DOWNLOAD - 208
[Sun Dec 28 17:25:19 2025] 102:DOWNLOAD - 204
[Sun Dec 28 17:25:19 2025] 101:LOGOUT - 202
[Sun Dec 28 17:25:19 2025] 104:ERROR - 208
[Sun Dec 28 17:25:19 2025] 105:ERROR - 210
[Sun Dec 28 17:25:19 2025] 100:DOWNLOAD - 200
[Sun Dec 28 17:25:19 2025] 100:LOGOUT - 200
[Sun Dec 28 17:25:19 2025] 102:LOGOUT - 204
[Sun Dec 28 17:25:19 2025] 102:ERROR - 204
[Sun Dec 28 17:25:19 2025] 105:DOWNLOAD - 210
[Sun Dec 28 17:25:19 2025] 102:DOWNLOAD - 204
[Sun Dec 28 17:25:19 2025] 100:ERROR - 200
[Sun Dec 28 17:25:19 2025] 101:ERROR - 202
[Sun Dec 28 17:25:19 2025] 103:LOGIN - 206
[Sun Dec 28 17:25:19 2025] 100:DOWNLOAD - 200
[Sun Dec 28 17:25:19 2025] 100:ERROR - 200
[Sun Dec 28 17:25:19 2025] 100:ERROR - 200
[Sun Dec 28 17:25:19 2025] 103:LOGOUT - 206
[Sun Dec 28 17:25:19 2025] 100:DOWNLOAD - 200
[Sun Dec 28 17:25:19 2025] 100:DOWNLOAD - 200
[Sun Dec 28 17:25:19 2025] 100:LOGOUT - 200
[Sun Dec 28 17:25:19 2025] 102:ERROR - 204
[Sun Dec 28 17:25:19 2025] 104:ERROR - 208
[Sun Dec 28 17:25:19 2025] 103:DOWNLOAD - 206
[Sun Dec 28 17:25:19 2025] 100:ERROR - 200
[Sun Dec 28 17:25:19 2025] 102:UPLOAD - 204
[Sun Dec 28 17:25:19 2025] 100:LOGOUT - 200
[Sun Dec 28 17:25:19 2025] 101:ERROR - 202
[Sun Dec 28 17:25:19 2025] 102:LOGOUT - 204
[Sun Dec 28 17:25:19 2025] 104:UPLOAD - 208
[Sun Dec 28 17:25:19 2025] 104:LOGIN - 208
[Sun Dec 28 17:25:19 2025] 103:LOGOUT - 206
[Sun Dec 28 17:25:19 2025] 101:ERROR - 202
[Sun Dec 28 17:25:19 2025] 101:LOGIN - 202
[Sun Dec 28 17:25:19 2025] 105:UPLOAD - 210
